[0.009s] Invoking command in '/home/kirunish/autonomous_bot/build/autonomous_car': CMAKE_PREFIX_PATH=${CMAKE_PREFIX_PATH}:/home/kirunish/ros2_ws/install/turtlesim_catch_them_all:/home/kirunish/ros2_ws/install/my_py_pkg:/home/kirunish/ros2_ws/install/actions_py:/opt/ros/humble /usr/bin/cmake /home/kirunish/autonomous_bot/src/autonomous_car -DCMAKE_INSTALL_PREFIX=/home/kirunish/autonomous_bot/install/autonomous_car
[0.081s] -- The C compiler identification is GNU 11.4.0
[0.141s] -- The CXX compiler identification is GNU 11.4.0
[0.150s] -- Detecting C compiler ABI info
[0.209s] -- Detecting C compiler ABI info - done
[0.214s] -- Check for working C compiler: /usr/bin/cc - skipped
[0.214s] -- Detecting C compile features
[0.214s] -- Detecting C compile features - done
[0.217s] -- Detecting CXX compiler ABI info
[0.282s] -- Detecting CXX compiler ABI info - done
[0.286s] -- Check for working CXX compiler: /usr/bin/c++ - skipped
[0.287s] -- Detecting CXX compile features
[0.287s] -- Detecting CXX compile features - done
[0.291s] -- Found ament_cmake: 1.3.12 (/opt/ros/humble/share/ament_cmake/cmake)
[0.411s] -- Found Python3: /usr/bin/python3 (found version "3.10.12") found components: Interpreter 
[0.544s] -- Found ament_lint_auto: 0.12.14 (/opt/ros/humble/share/ament_lint_auto/cmake)
[0.617s] -- Added test 'copyright' to check source files copyright and LICENSE
[0.624s] -- Added test 'flake8' to check Python code syntax and style conventions
[0.625s] -- Added test 'lint_cmake' to check CMake code style
[0.626s] -- Added test 'pep257' to check Python code against some of the docstring style conventions in PEP 257
[0.629s] -- Added test 'xmllint' to check XML markup files
[0.631s] -- Configuring done
[0.633s] -- Generating done
[0.634s] -- Build files have been written to: /home/kirunish/autonomous_bot/build/autonomous_car
[0.638s] Invoked command in '/home/kirunish/autonomous_bot/build/autonomous_car' returned '0': CMAKE_PREFIX_PATH=${CMAKE_PREFIX_PATH}:/home/kirunish/ros2_ws/install/turtlesim_catch_them_all:/home/kirunish/ros2_ws/install/my_py_pkg:/home/kirunish/ros2_ws/install/actions_py:/opt/ros/humble /usr/bin/cmake /home/kirunish/autonomous_bot/src/autonomous_car -DCMAKE_INSTALL_PREFIX=/home/kirunish/autonomous_bot/install/autonomous_car
[0.639s] Invoking command in '/home/kirunish/autonomous_bot/build/autonomous_car': CMAKE_PREFIX_PATH=${CMAKE_PREFIX_PATH}:/home/kirunish/ros2_ws/install/turtlesim_catch_them_all:/home/kirunish/ros2_ws/install/my_py_pkg:/home/kirunish/ros2_ws/install/actions_py:/opt/ros/humble /usr/bin/cmake --build /home/kirunish/autonomous_bot/build/autonomous_car -- -j16 -l16
[0.673s] Invoked command in '/home/kirunish/autonomous_bot/build/autonomous_car' returned '0': CMAKE_PREFIX_PATH=${CMAKE_PREFIX_PATH}:/home/kirunish/ros2_ws/install/turtlesim_catch_them_all:/home/kirunish/ros2_ws/install/my_py_pkg:/home/kirunish/ros2_ws/install/actions_py:/opt/ros/humble /usr/bin/cmake --build /home/kirunish/autonomous_bot/build/autonomous_car -- -j16 -l16
[0.682s] Invoking command in '/home/kirunish/autonomous_bot/build/autonomous_car': CMAKE_PREFIX_PATH=${CMAKE_PREFIX_PATH}:/home/kirunish/ros2_ws/install/turtlesim_catch_them_all:/home/kirunish/ros2_ws/install/my_py_pkg:/home/kirunish/ros2_ws/install/actions_py:/opt/ros/humble /usr/bin/cmake --install /home/kirunish/autonomous_bot/build/autonomous_car
[0.688s] -- Install configuration: ""
[0.688s] -- Installing: /home/kirunish/autonomous_bot/install/autonomous_car/share/autonomous_car/config
[0.688s] -- Installing: /home/kirunish/autonomous_bot/install/autonomous_car/share/autonomous_car/config/empty.yaml
[0.688s] -- Installing: /home/kirunish/autonomous_bot/install/autonomous_car/share/autonomous_car/description
[0.688s] -- Installing: /home/kirunish/autonomous_bot/install/autonomous_car/share/autonomous_car/description/robot.urdf.xacro
[0.688s] -- Installing: /home/kirunish/autonomous_bot/install/autonomous_car/share/autonomous_car/launch
[0.688s] -- Installing: /home/kirunish/autonomous_bot/install/autonomous_car/share/autonomous_car/launch/rsp.launch.py
[0.688s] -- Installing: /home/kirunish/autonomous_bot/install/autonomous_car/share/autonomous_car/worlds
[0.688s] -- Installing: /home/kirunish/autonomous_bot/install/autonomous_car/share/autonomous_car/worlds/empty.world
[0.688s] -- Installing: /home/kirunish/autonomous_bot/install/autonomous_car/share/ament_index/resource_index/package_run_dependencies/autonomous_car
[0.689s] -- Installing: /home/kirunish/autonomous_bot/install/autonomous_car/share/ament_index/resource_index/parent_prefix_path/autonomous_car
[0.689s] -- Installing: /home/kirunish/autonomous_bot/install/autonomous_car/share/autonomous_car/environment/ament_prefix_path.sh
[0.689s] -- Installing: /home/kirunish/autonomous_bot/install/autonomous_car/share/autonomous_car/environment/ament_prefix_path.dsv
[0.689s] -- Installing: /home/kirunish/autonomous_bot/install/autonomous_car/share/autonomous_car/environment/path.sh
[0.689s] -- Installing: /home/kirunish/autonomous_bot/install/autonomous_car/share/autonomous_car/environment/path.dsv
[0.689s] -- Installing: /home/kirunish/autonomous_bot/install/autonomous_car/share/autonomous_car/local_setup.bash
[0.689s] -- Installing: /home/kirunish/autonomous_bot/install/autonomous_car/share/autonomous_car/local_setup.sh
[0.689s] -- Installing: /home/kirunish/autonomous_bot/install/autonomous_car/share/autonomous_car/local_setup.zsh
[0.690s] -- Installing: /home/kirunish/autonomous_bot/install/autonomous_car/share/autonomous_car/local_setup.dsv
[0.690s] -- Installing: /home/kirunish/autonomous_bot/install/autonomous_car/share/autonomous_car/package.dsv
[0.690s] -- Installing: /home/kirunish/autonomous_bot/install/autonomous_car/share/ament_index/resource_index/packages/autonomous_car
[0.690s] -- Installing: /home/kirunish/autonomous_bot/install/autonomous_car/share/autonomous_car/cmake/autonomous_carConfig.cmake
[0.690s] -- Installing: /home/kirunish/autonomous_bot/install/autonomous_car/share/autonomous_car/cmake/autonomous_carConfig-version.cmake
[0.690s] -- Installing: /home/kirunish/autonomous_bot/install/autonomous_car/share/autonomous_car/package.xml
[0.692s] Invoked command in '/home/kirunish/autonomous_bot/build/autonomous_car' returned '0': CMAKE_PREFIX_PATH=${CMAKE_PREFIX_PATH}:/home/kirunish/ros2_ws/install/turtlesim_catch_them_all:/home/kirunish/ros2_ws/install/my_py_pkg:/home/kirunish/ros2_ws/install/actions_py:/opt/ros/humble /usr/bin/cmake --install /home/kirunish/autonomous_bot/build/autonomous_car
