[0.009s] Invoking command in '/home/kirunish/autonomous_bot/build/autonomous_bot': CMAKE_PREFIX_PATH=${CMAKE_PREFIX_PATH}:/home/kirunish/ros2_ws/install/turtlesim_catch_them_all:/home/kirunish/ros2_ws/install/my_py_pkg:/home/kirunish/ros2_ws/install/actions_py:/opt/ros/humble /usr/bin/cmake /home/kirunish/autonomous_bot/src/autonomous_car -DAMENT_CMAKE_SYMLINK_INSTALL=1 -DCMAKE_INSTALL_PREFIX=/home/kirunish/autonomous_bot/install/autonomous_bot
[0.019s] -- Found ament_cmake: 1.3.12 (/opt/ros/humble/share/ament_cmake/cmake)
[0.108s] -- Override CMake install command with custom implementation using symlinks instead of copying resources
[0.113s] -- Found ament_lint_auto: 0.12.14 (/opt/ros/humble/share/ament_lint_auto/cmake)
[0.164s] -- Added test 'copyright' to check source files copyright and LICENSE
[0.171s] -- Added test 'flake8' to check Python code syntax and style conventions
[0.172s] -- Added test 'lint_cmake' to check CMake code style
[0.173s] -- Added test 'pep257' to check Python code against some of the docstring style conventions in PEP 257
[0.176s] -- Added test 'xmllint' to check XML markup files
[0.177s] -- Configuring done
[0.179s] -- Generating done
[0.180s] -- Build files have been written to: /home/kirunish/autonomous_bot/build/autonomous_bot
[0.183s] Invoked command in '/home/kirunish/autonomous_bot/build/autonomous_bot' returned '0': CMAKE_PREFIX_PATH=${CMAKE_PREFIX_PATH}:/home/kirunish/ros2_ws/install/turtlesim_catch_them_all:/home/kirunish/ros2_ws/install/my_py_pkg:/home/kirunish/ros2_ws/install/actions_py:/opt/ros/humble /usr/bin/cmake /home/kirunish/autonomous_bot/src/autonomous_car -DAMENT_CMAKE_SYMLINK_INSTALL=1 -DCMAKE_INSTALL_PREFIX=/home/kirunish/autonomous_bot/install/autonomous_bot
[0.184s] Invoking command in '/home/kirunish/autonomous_bot/build/autonomous_bot': CMAKE_PREFIX_PATH=${CMAKE_PREFIX_PATH}:/home/kirunish/ros2_ws/install/turtlesim_catch_them_all:/home/kirunish/ros2_ws/install/my_py_pkg:/home/kirunish/ros2_ws/install/actions_py:/opt/ros/humble /usr/bin/cmake --build /home/kirunish/autonomous_bot/build/autonomous_bot -- -j16 -l16
[0.215s] Invoked command in '/home/kirunish/autonomous_bot/build/autonomous_bot' returned '0': CMAKE_PREFIX_PATH=${CMAKE_PREFIX_PATH}:/home/kirunish/ros2_ws/install/turtlesim_catch_them_all:/home/kirunish/ros2_ws/install/my_py_pkg:/home/kirunish/ros2_ws/install/actions_py:/opt/ros/humble /usr/bin/cmake --build /home/kirunish/autonomous_bot/build/autonomous_bot -- -j16 -l16
[0.223s] Invoking command in '/home/kirunish/autonomous_bot/build/autonomous_bot': CMAKE_PREFIX_PATH=${CMAKE_PREFIX_PATH}:/home/kirunish/ros2_ws/install/turtlesim_catch_them_all:/home/kirunish/ros2_ws/install/my_py_pkg:/home/kirunish/ros2_ws/install/actions_py:/opt/ros/humble /usr/bin/cmake --install /home/kirunish/autonomous_bot/build/autonomous_bot
[0.230s] -- Install configuration: ""
[0.230s] -- Execute custom install script
[0.230s] -- Up-to-date symlink: /home/kirunish/autonomous_bot/install/autonomous_bot/share/autonomous_bot/config/empty.yaml
[0.230s] -- Up-to-date symlink: /home/kirunish/autonomous_bot/install/autonomous_bot/share/autonomous_bot/description/gazebo_control.xacro
[0.231s] -- Up-to-date symlink: /home/kirunish/autonomous_bot/install/autonomous_bot/share/autonomous_bot/description/inertial_macros.xacro
[0.231s] -- Up-to-date symlink: /home/kirunish/autonomous_bot/install/autonomous_bot/share/autonomous_bot/description/robot.urdf.xacro
[0.231s] -- Up-to-date symlink: /home/kirunish/autonomous_bot/install/autonomous_bot/share/autonomous_bot/description/robot_core.xacro
[0.231s] -- Up-to-date symlink: /home/kirunish/autonomous_bot/install/autonomous_bot/share/autonomous_bot/launch/launch_sim.launch.py
[0.231s] -- Up-to-date symlink: /home/kirunish/autonomous_bot/install/autonomous_bot/share/autonomous_bot/launch/rsp.launch.py
[0.231s] -- Up-to-date symlink: /home/kirunish/autonomous_bot/install/autonomous_bot/share/autonomous_bot/launch/test_gazebo.launch.py
[0.231s] -- Up-to-date symlink: /home/kirunish/autonomous_bot/install/autonomous_bot/share/autonomous_bot/worlds/empty.world
[0.231s] -- Up-to-date symlink: /home/kirunish/autonomous_bot/install/autonomous_bot/share/ament_index/resource_index/package_run_dependencies/autonomous_bot
[0.231s] -- Up-to-date symlink: /home/kirunish/autonomous_bot/install/autonomous_bot/share/ament_index/resource_index/parent_prefix_path/autonomous_bot
[0.231s] -- Up-to-date symlink: /home/kirunish/autonomous_bot/install/autonomous_bot/share/autonomous_bot/environment/ament_prefix_path.sh
[0.232s] -- Up-to-date symlink: /home/kirunish/autonomous_bot/install/autonomous_bot/share/autonomous_bot/environment/ament_prefix_path.dsv
[0.232s] -- Up-to-date symlink: /home/kirunish/autonomous_bot/install/autonomous_bot/share/autonomous_bot/environment/path.sh
[0.232s] -- Up-to-date symlink: /home/kirunish/autonomous_bot/install/autonomous_bot/share/autonomous_bot/environment/path.dsv
[0.232s] -- Up-to-date symlink: /home/kirunish/autonomous_bot/install/autonomous_bot/share/autonomous_bot/local_setup.bash
[0.232s] -- Up-to-date symlink: /home/kirunish/autonomous_bot/install/autonomous_bot/share/autonomous_bot/local_setup.sh
[0.232s] -- Up-to-date symlink: /home/kirunish/autonomous_bot/install/autonomous_bot/share/autonomous_bot/local_setup.zsh
[0.232s] -- Up-to-date symlink: /home/kirunish/autonomous_bot/install/autonomous_bot/share/autonomous_bot/local_setup.dsv
[0.232s] -- Symlinking: /home/kirunish/autonomous_bot/install/autonomous_bot/share/autonomous_bot/package.dsv
[0.240s] -- Up-to-date symlink: /home/kirunish/autonomous_bot/install/autonomous_bot/share/ament_index/resource_index/packages/autonomous_bot
[0.240s] -- Up-to-date symlink: /home/kirunish/autonomous_bot/install/autonomous_bot/share/autonomous_bot/cmake/autonomous_botConfig.cmake
[0.240s] -- Up-to-date symlink: /home/kirunish/autonomous_bot/install/autonomous_bot/share/autonomous_bot/cmake/autonomous_botConfig-version.cmake
[0.240s] -- Up-to-date symlink: /home/kirunish/autonomous_bot/install/autonomous_bot/share/autonomous_bot/package.xml
[0.241s] Invoked command in '/home/kirunish/autonomous_bot/build/autonomous_bot' returned '0': CMAKE_PREFIX_PATH=${CMAKE_PREFIX_PATH}:/home/kirunish/ros2_ws/install/turtlesim_catch_them_all:/home/kirunish/ros2_ws/install/my_py_pkg:/home/kirunish/ros2_ws/install/actions_py:/opt/ros/humble /usr/bin/cmake --install /home/kirunish/autonomous_bot/build/autonomous_bot
