[0.010s] Invoking command in '/home/kirunish/autonomous_bot/build/articubot_one': CMAKE_PREFIX_PATH=${CMAKE_PREFIX_PATH}:/home/kirunish/ros2_ws/install/turtlesim_catch_them_all:/home/kirunish/ros2_ws/install/my_py_pkg:/home/kirunish/ros2_ws/install/actions_py:/opt/ros/humble /usr/bin/cmake /home/kirunish/autonomous_bot/src/articubot_one -DCMAKE_INSTALL_PREFIX=/home/kirunish/autonomous_bot/install/articubot_one
[0.056s] -- The C compiler identification is GNU 11.4.0
[0.100s] -- The CXX compiler identification is GNU 11.4.0
[0.106s] -- Detecting C compiler ABI info
[0.163s] -- Detecting C compiler ABI info - done
[0.168s] -- Check for working C compiler: /usr/bin/cc - skipped
[0.168s] -- Detecting C compile features
[0.169s] -- Detecting C compile features - done
[0.171s] -- Detecting CXX compiler ABI info
[0.238s] -- Detecting CXX compiler ABI info - done
[0.243s] -- Check for working CXX compiler: /usr/bin/c++ - skipped
[0.243s] -- Detecting CXX compile features
[0.244s] -- Detecting CXX compile features - done
[0.251s] -- Found ament_cmake: 1.3.12 (/opt/ros/humble/share/ament_cmake/cmake)
[0.375s] -- Found Python3: /usr/bin/python3 (found version "3.10.12") found components: Interpreter 
[0.469s] -- Found ament_lint_auto: 0.12.14 (/opt/ros/humble/share/ament_lint_auto/cmake)
[0.544s] -- Added test 'copyright' to check source files copyright and LICENSE
[0.552s] -- Added test 'flake8' to check Python code syntax and style conventions
[0.553s] -- Added test 'lint_cmake' to check CMake code style
[0.554s] -- Added test 'pep257' to check Python code against some of the docstring style conventions in PEP 257
[0.558s] -- Added test 'xmllint' to check XML markup files
[0.559s] -- Configuring done
[0.561s] -- Generating done
[0.563s] -- Build files have been written to: /home/kirunish/autonomous_bot/build/articubot_one
[0.567s] Invoked command in '/home/kirunish/autonomous_bot/build/articubot_one' returned '0': CMAKE_PREFIX_PATH=${CMAKE_PREFIX_PATH}:/home/kirunish/ros2_ws/install/turtlesim_catch_them_all:/home/kirunish/ros2_ws/install/my_py_pkg:/home/kirunish/ros2_ws/install/actions_py:/opt/ros/humble /usr/bin/cmake /home/kirunish/autonomous_bot/src/articubot_one -DCMAKE_INSTALL_PREFIX=/home/kirunish/autonomous_bot/install/articubot_one
[0.568s] Invoking command in '/home/kirunish/autonomous_bot/build/articubot_one': CMAKE_PREFIX_PATH=${CMAKE_PREFIX_PATH}:/home/kirunish/ros2_ws/install/turtlesim_catch_them_all:/home/kirunish/ros2_ws/install/my_py_pkg:/home/kirunish/ros2_ws/install/actions_py:/opt/ros/humble /usr/bin/cmake --build /home/kirunish/autonomous_bot/build/articubot_one -- -j16 -l16
[0.601s] Invoked command in '/home/kirunish/autonomous_bot/build/articubot_one' returned '0': CMAKE_PREFIX_PATH=${CMAKE_PREFIX_PATH}:/home/kirunish/ros2_ws/install/turtlesim_catch_them_all:/home/kirunish/ros2_ws/install/my_py_pkg:/home/kirunish/ros2_ws/install/actions_py:/opt/ros/humble /usr/bin/cmake --build /home/kirunish/autonomous_bot/build/articubot_one -- -j16 -l16
[0.610s] Invoking command in '/home/kirunish/autonomous_bot/build/articubot_one': CMAKE_PREFIX_PATH=${CMAKE_PREFIX_PATH}:/home/kirunish/ros2_ws/install/turtlesim_catch_them_all:/home/kirunish/ros2_ws/install/my_py_pkg:/home/kirunish/ros2_ws/install/actions_py:/opt/ros/humble /usr/bin/cmake --install /home/kirunish/autonomous_bot/build/articubot_one
[0.615s] -- Install configuration: ""
[0.616s] -- Installing: /home/kirunish/autonomous_bot/install/articubot_one/share/articubot_one/config
[0.616s] -- Installing: /home/kirunish/autonomous_bot/install/articubot_one/share/articubot_one/config/drive_bot.rviz
[0.616s] -- Installing: /home/kirunish/autonomous_bot/install/articubot_one/share/articubot_one/config/view_bot.rviz
[0.616s] -- Installing: /home/kirunish/autonomous_bot/install/articubot_one/share/articubot_one/config/gaz_ros2_ctl_use_sim.yaml
[0.616s] -- Installing: /home/kirunish/autonomous_bot/install/articubot_one/share/articubot_one/config/ball_tracker_params_robot.yaml
[0.616s] -- Installing: /home/kirunish/autonomous_bot/install/articubot_one/share/articubot_one/config/gazebo_params.yaml
[0.616s] -- Installing: /home/kirunish/autonomous_bot/install/articubot_one/share/articubot_one/config/joystick.yaml
[0.616s] -- Installing: /home/kirunish/autonomous_bot/install/articubot_one/share/articubot_one/config/map.rviz
[0.617s] -- Installing: /home/kirunish/autonomous_bot/install/articubot_one/share/articubot_one/config/twist_mux.yaml
[0.617s] -- Installing: /home/kirunish/autonomous_bot/install/articubot_one/share/articubot_one/config/nav2_params.yaml
[0.617s] -- Installing: /home/kirunish/autonomous_bot/install/articubot_one/share/articubot_one/config/empty.yaml
[0.617s] -- Installing: /home/kirunish/autonomous_bot/install/articubot_one/share/articubot_one/config/ball_tracker_params_sim.yaml
[0.617s] -- Installing: /home/kirunish/autonomous_bot/install/articubot_one/share/articubot_one/config/main.rviz
[0.617s] -- Installing: /home/kirunish/autonomous_bot/install/articubot_one/share/articubot_one/config/mapper_params_online_async.yaml
[0.617s] -- Installing: /home/kirunish/autonomous_bot/install/articubot_one/share/articubot_one/config/my_controllers.yaml
[0.617s] -- Installing: /home/kirunish/autonomous_bot/install/articubot_one/share/articubot_one/description
[0.617s] -- Installing: /home/kirunish/autonomous_bot/install/articubot_one/share/articubot_one/description/camera.xacro
[0.618s] -- Installing: /home/kirunish/autonomous_bot/install/articubot_one/share/articubot_one/description/inertial_macros.xacro
[0.618s] -- Installing: /home/kirunish/autonomous_bot/install/articubot_one/share/articubot_one/description/depth_camera.xacro
[0.618s] -- Installing: /home/kirunish/autonomous_bot/install/articubot_one/share/articubot_one/description/gazebo_control.xacro
[0.618s] -- Installing: /home/kirunish/autonomous_bot/install/articubot_one/share/articubot_one/description/robot.urdf.xacro
[0.618s] -- Installing: /home/kirunish/autonomous_bot/install/articubot_one/share/articubot_one/description/lidar.xacro
[0.618s] -- Installing: /home/kirunish/autonomous_bot/install/articubot_one/share/articubot_one/description/ros2_control.xacro
[0.618s] -- Installing: /home/kirunish/autonomous_bot/install/articubot_one/share/articubot_one/description/face.xacro
[0.618s] -- Installing: /home/kirunish/autonomous_bot/install/articubot_one/share/articubot_one/description/robot_core.xacro
[0.618s] -- Installing: /home/kirunish/autonomous_bot/install/articubot_one/share/articubot_one/launch
[0.618s] -- Installing: /home/kirunish/autonomous_bot/install/articubot_one/share/articubot_one/launch/online_async_launch.py
[0.619s] -- Installing: /home/kirunish/autonomous_bot/install/articubot_one/share/articubot_one/launch/launch_robot.launch.py
[0.619s] -- Installing: /home/kirunish/autonomous_bot/install/articubot_one/share/articubot_one/launch/navigation_launch.py
[0.619s] -- Installing: /home/kirunish/autonomous_bot/install/articubot_one/share/articubot_one/launch/ball_tracker.launch.py
[0.619s] -- Installing: /home/kirunish/autonomous_bot/install/articubot_one/share/articubot_one/launch/launch_sim.launch.py
[0.619s] -- Installing: /home/kirunish/autonomous_bot/install/articubot_one/share/articubot_one/launch/rsp.launch.py
[0.619s] -- Installing: /home/kirunish/autonomous_bot/install/articubot_one/share/articubot_one/launch/localization_launch.py
[0.619s] -- Installing: /home/kirunish/autonomous_bot/install/articubot_one/share/articubot_one/launch/joystick.launch.py
[0.619s] -- Installing: /home/kirunish/autonomous_bot/install/articubot_one/share/articubot_one/launch/camera.launch.py
[0.619s] -- Installing: /home/kirunish/autonomous_bot/install/articubot_one/share/articubot_one/launch/rplidar.launch.py
[0.620s] -- Installing: /home/kirunish/autonomous_bot/install/articubot_one/share/articubot_one/worlds
[0.620s] -- Installing: /home/kirunish/autonomous_bot/install/articubot_one/share/articubot_one/worlds/empty.world
[0.620s] -- Installing: /home/kirunish/autonomous_bot/install/articubot_one/share/articubot_one/worlds/obstacles.world
[0.620s] -- Installing: /home/kirunish/autonomous_bot/install/articubot_one/share/ament_index/resource_index/package_run_dependencies/articubot_one
[0.620s] -- Installing: /home/kirunish/autonomous_bot/install/articubot_one/share/ament_index/resource_index/parent_prefix_path/articubot_one
[0.620s] -- Installing: /home/kirunish/autonomous_bot/install/articubot_one/share/articubot_one/environment/ament_prefix_path.sh
[0.620s] -- Installing: /home/kirunish/autonomous_bot/install/articubot_one/share/articubot_one/environment/ament_prefix_path.dsv
[0.621s] -- Installing: /home/kirunish/autonomous_bot/install/articubot_one/share/articubot_one/environment/path.sh
[0.621s] -- Installing: /home/kirunish/autonomous_bot/install/articubot_one/share/articubot_one/environment/path.dsv
[0.621s] -- Installing: /home/kirunish/autonomous_bot/install/articubot_one/share/articubot_one/local_setup.bash
[0.621s] -- Installing: /home/kirunish/autonomous_bot/install/articubot_one/share/articubot_one/local_setup.sh
[0.621s] -- Installing: /home/kirunish/autonomous_bot/install/articubot_one/share/articubot_one/local_setup.zsh
[0.621s] -- Installing: /home/kirunish/autonomous_bot/install/articubot_one/share/articubot_one/local_setup.dsv
[0.621s] -- Installing: /home/kirunish/autonomous_bot/install/articubot_one/share/articubot_one/package.dsv
[0.621s] -- Installing: /home/kirunish/autonomous_bot/install/articubot_one/share/ament_index/resource_index/packages/articubot_one
[0.622s] -- Installing: /home/kirunish/autonomous_bot/install/articubot_one/share/articubot_one/cmake/articubot_oneConfig.cmake
[0.622s] -- Installing: /home/kirunish/autonomous_bot/install/articubot_one/share/articubot_one/cmake/articubot_oneConfig-version.cmake
[0.622s] -- Installing: /home/kirunish/autonomous_bot/install/articubot_one/share/articubot_one/package.xml
[0.624s] Invoked command in '/home/kirunish/autonomous_bot/build/articubot_one' returned '0': CMAKE_PREFIX_PATH=${CMAKE_PREFIX_PATH}:/home/kirunish/ros2_ws/install/turtlesim_catch_them_all:/home/kirunish/ros2_ws/install/my_py_pkg:/home/kirunish/ros2_ws/install/actions_py:/opt/ros/humble /usr/bin/cmake --install /home/kirunish/autonomous_bot/build/articubot_one
