-- Found ament_cmake: 1.3.12 (/opt/ros/humble/share/ament_cmake/cmake)
-- Override CMake install command with custom implementation using symlinks instead of copying resources
-- Found ament_lint_auto: 0.12.14 (/opt/ros/humble/share/ament_lint_auto/cmake)
-- Added test 'copyright' to check source files copyright and LICENSE
-- Added test 'flake8' to check Python code syntax and style conventions
-- Added test 'lint_cmake' to check CMake code style
-- Added test 'pep257' to check Python code against some of the docstring style conventions in PEP 257
-- Added test 'xmllint' to check XML markup files
-- Configuring done
-- Generating done
-- Build files have been written to: /home/kirunish/autonomous_bot/build/autonomous_car
-- Install configuration: ""
-- Execute custom install script
-- Symlinking: /home/kirunish/autonomous_bot/install/autonomous_car/share/autonomous_car/config/ball_tracker_params_robot.yaml
-- Symlinking: /home/kirunish/autonomous_bot/install/autonomous_car/share/autonomous_car/config/ball_tracker_params_sim.yaml
-- Up-to-date symlink: /home/kirunish/autonomous_bot/install/autonomous_car/share/autonomous_car/config/drive_bot.rviz
-- Up-to-date symlink: /home/kirunish/autonomous_bot/install/autonomous_car/share/autonomous_car/config/empty.yaml
-- Up-to-date symlink: /home/kirunish/autonomous_bot/install/autonomous_car/share/autonomous_car/config/gazebo_params.yaml
-- Up-to-date symlink: /home/kirunish/autonomous_bot/install/autonomous_car/share/autonomous_car/config/main.rviz
-- Up-to-date symlink: /home/kirunish/autonomous_bot/install/autonomous_car/share/autonomous_car/config/map.rviz
-- Up-to-date symlink: /home/kirunish/autonomous_bot/install/autonomous_car/share/autonomous_car/config/mapper_params_online_async.yaml
-- Up-to-date symlink: /home/kirunish/autonomous_bot/install/autonomous_car/share/autonomous_car/config/my_controllers.yaml
-- Symlinking: /home/kirunish/autonomous_bot/install/autonomous_car/share/autonomous_car/config/nav2_params.yaml
-- Up-to-date symlink: /home/kirunish/autonomous_bot/install/autonomous_car/share/autonomous_car/config/twist_mux.yaml
-- Up-to-date symlink: /home/kirunish/autonomous_bot/install/autonomous_car/share/autonomous_car/config/view_bot.rviz
-- Up-to-date symlink: /home/kirunish/autonomous_bot/install/autonomous_car/share/autonomous_car/description/camera.xacro
-- Up-to-date symlink: /home/kirunish/autonomous_bot/install/autonomous_car/share/autonomous_car/description/depth_camera.xacro
-- Up-to-date symlink: /home/kirunish/autonomous_bot/install/autonomous_car/share/autonomous_car/description/face.xacro
-- Up-to-date symlink: /home/kirunish/autonomous_bot/install/autonomous_car/share/autonomous_car/description/gazebo_control.xacro
-- Up-to-date symlink: /home/kirunish/autonomous_bot/install/autonomous_car/share/autonomous_car/description/inertial_macros.xacro
-- Up-to-date symlink: /home/kirunish/autonomous_bot/install/autonomous_car/share/autonomous_car/description/lidar.xacro
-- Up-to-date symlink: /home/kirunish/autonomous_bot/install/autonomous_car/share/autonomous_car/description/robot.urdf.xacro
-- Up-to-date symlink: /home/kirunish/autonomous_bot/install/autonomous_car/share/autonomous_car/description/robot_core.xacro
-- Up-to-date symlink: /home/kirunish/autonomous_bot/install/autonomous_car/share/autonomous_car/description/ros2_control.xacro
-- Symlinking: /home/kirunish/autonomous_bot/install/autonomous_car/share/autonomous_car/launch/ball_tracker.launch.py
-- Up-to-date symlink: /home/kirunish/autonomous_bot/install/autonomous_car/share/autonomous_car/launch/camera.launch.py
-- Symlinking: /home/kirunish/autonomous_bot/install/autonomous_car/share/autonomous_car/launch/joystick.launch.py
-- Symlinking: /home/kirunish/autonomous_bot/install/autonomous_car/share/autonomous_car/launch/launch_robot.launch.py
-- Up-to-date symlink: /home/kirunish/autonomous_bot/install/autonomous_car/share/autonomous_car/launch/launch_sim.launch.py
-- Symlinking: /home/kirunish/autonomous_bot/install/autonomous_car/share/autonomous_car/launch/localization_launch.py
-- Symlinking: /home/kirunish/autonomous_bot/install/autonomous_car/share/autonomous_car/launch/navigation_launch.py
-- Symlinking: /home/kirunish/autonomous_bot/install/autonomous_car/share/autonomous_car/launch/online_async_launch.py
-- Symlinking: /home/kirunish/autonomous_bot/install/autonomous_car/share/autonomous_car/launch/rplidar.launch.py
-- Up-to-date symlink: /home/kirunish/autonomous_bot/install/autonomous_car/share/autonomous_car/launch/rsp.launch.py
-- Up-to-date symlink: /home/kirunish/autonomous_bot/install/autonomous_car/share/autonomous_car/launch/test_gazebo.launch.py
-- Up-to-date symlink: /home/kirunish/autonomous_bot/install/autonomous_car/share/autonomous_car/worlds/empty.world
-- Up-to-date symlink: /home/kirunish/autonomous_bot/install/autonomous_car/share/autonomous_car/worlds/obstacles.world
-- Up-to-date symlink: /home/kirunish/autonomous_bot/install/autonomous_car/share/ament_index/resource_index/package_run_dependencies/autonomous_car
-- Up-to-date symlink: /home/kirunish/autonomous_bot/install/autonomous_car/share/ament_index/resource_index/parent_prefix_path/autonomous_car
-- Up-to-date symlink: /home/kirunish/autonomous_bot/install/autonomous_car/share/autonomous_car/environment/ament_prefix_path.sh
-- Up-to-date symlink: /home/kirunish/autonomous_bot/install/autonomous_car/share/autonomous_car/environment/ament_prefix_path.dsv
-- Up-to-date symlink: /home/kirunish/autonomous_bot/install/autonomous_car/share/autonomous_car/environment/path.sh
-- Up-to-date symlink: /home/kirunish/autonomous_bot/install/autonomous_car/share/autonomous_car/environment/path.dsv
-- Up-to-date symlink: /home/kirunish/autonomous_bot/install/autonomous_car/share/autonomous_car/local_setup.bash
-- Up-to-date symlink: /home/kirunish/autonomous_bot/install/autonomous_car/share/autonomous_car/local_setup.sh
-- Up-to-date symlink: /home/kirunish/autonomous_bot/install/autonomous_car/share/autonomous_car/local_setup.zsh
-- Up-to-date symlink: /home/kirunish/autonomous_bot/install/autonomous_car/share/autonomous_car/local_setup.dsv
-- Symlinking: /home/kirunish/autonomous_bot/install/autonomous_car/share/autonomous_car/package.dsv
-- Up-to-date symlink: /home/kirunish/autonomous_bot/install/autonomous_car/share/ament_index/resource_index/packages/autonomous_car
-- Up-to-date symlink: /home/kirunish/autonomous_bot/install/autonomous_car/share/autonomous_car/cmake/autonomous_carConfig.cmake
-- Up-to-date symlink: /home/kirunish/autonomous_bot/install/autonomous_car/share/autonomous_car/cmake/autonomous_carConfig-version.cmake
-- Up-to-date symlink: /home/kirunish/autonomous_bot/install/autonomous_car/share/autonomous_car/package.xml
