[0.009s] Invoking command in '/home/kirunish/autonomous_bot/build/autonomous_car': CMAKE_PREFIX_PATH=${CMAKE_PREFIX_PATH}:/home/kirunish/ros2_ws/install/turtlesim_catch_them_all:/home/kirunish/ros2_ws/install/my_py_pkg:/home/kirunish/ros2_ws/install/actions_py:/opt/ros/humble /usr/bin/cmake /home/kirunish/autonomous_bot/src/autonomous_car -DAMENT_CMAKE_SYMLINK_INSTALL=1 -DCMAKE_INSTALL_PREFIX=/home/kirunish/autonomous_bot/install/autonomous_car
[0.018s] -- Found ament_cmake: 1.3.12 (/opt/ros/humble/share/ament_cmake/cmake)
[0.106s] -- Override CMake install command with custom implementation using symlinks instead of copying resources
[0.112s] -- Found ament_lint_auto: 0.12.14 (/opt/ros/humble/share/ament_lint_auto/cmake)
[0.165s] -- Added test 'copyright' to check source files copyright and LICENSE
[0.173s] -- Added test 'flake8' to check Python code syntax and style conventions
[0.174s] -- Added test 'lint_cmake' to check CMake code style
[0.174s] -- Added test 'pep257' to check Python code against some of the docstring style conventions in PEP 257
[0.179s] -- Added test 'xmllint' to check XML markup files
[0.179s] -- Configuring done
[0.182s] -- Generating done
[0.183s] -- Build files have been written to: /home/kirunish/autonomous_bot/build/autonomous_car
[0.185s] Invoked command in '/home/kirunish/autonomous_bot/build/autonomous_car' returned '0': CMAKE_PREFIX_PATH=${CMAKE_PREFIX_PATH}:/home/kirunish/ros2_ws/install/turtlesim_catch_them_all:/home/kirunish/ros2_ws/install/my_py_pkg:/home/kirunish/ros2_ws/install/actions_py:/opt/ros/humble /usr/bin/cmake /home/kirunish/autonomous_bot/src/autonomous_car -DAMENT_CMAKE_SYMLINK_INSTALL=1 -DCMAKE_INSTALL_PREFIX=/home/kirunish/autonomous_bot/install/autonomous_car
[0.187s] Invoking command in '/home/kirunish/autonomous_bot/build/autonomous_car': CMAKE_PREFIX_PATH=${CMAKE_PREFIX_PATH}:/home/kirunish/ros2_ws/install/turtlesim_catch_them_all:/home/kirunish/ros2_ws/install/my_py_pkg:/home/kirunish/ros2_ws/install/actions_py:/opt/ros/humble /usr/bin/cmake --build /home/kirunish/autonomous_bot/build/autonomous_car -- -j16 -l16
[0.219s] Invoked command in '/home/kirunish/autonomous_bot/build/autonomous_car' returned '0': CMAKE_PREFIX_PATH=${CMAKE_PREFIX_PATH}:/home/kirunish/ros2_ws/install/turtlesim_catch_them_all:/home/kirunish/ros2_ws/install/my_py_pkg:/home/kirunish/ros2_ws/install/actions_py:/opt/ros/humble /usr/bin/cmake --build /home/kirunish/autonomous_bot/build/autonomous_car -- -j16 -l16
[0.228s] Invoking command in '/home/kirunish/autonomous_bot/build/autonomous_car': CMAKE_PREFIX_PATH=${CMAKE_PREFIX_PATH}:/home/kirunish/ros2_ws/install/turtlesim_catch_them_all:/home/kirunish/ros2_ws/install/my_py_pkg:/home/kirunish/ros2_ws/install/actions_py:/opt/ros/humble /usr/bin/cmake --install /home/kirunish/autonomous_bot/build/autonomous_car
[0.234s] -- Install configuration: ""
[0.234s] -- Execute custom install script
[0.234s] -- Symlinking: /home/kirunish/autonomous_bot/install/autonomous_car/share/autonomous_car/config/ball_tracker_params_robot.yaml
[0.242s] -- Symlinking: /home/kirunish/autonomous_bot/install/autonomous_car/share/autonomous_car/config/ball_tracker_params_sim.yaml
[0.249s] -- Up-to-date symlink: /home/kirunish/autonomous_bot/install/autonomous_car/share/autonomous_car/config/drive_bot.rviz
[0.249s] -- Up-to-date symlink: /home/kirunish/autonomous_bot/install/autonomous_car/share/autonomous_car/config/empty.yaml
[0.249s] -- Up-to-date symlink: /home/kirunish/autonomous_bot/install/autonomous_car/share/autonomous_car/config/gazebo_params.yaml
[0.250s] -- Up-to-date symlink: /home/kirunish/autonomous_bot/install/autonomous_car/share/autonomous_car/config/main.rviz
[0.250s] -- Up-to-date symlink: /home/kirunish/autonomous_bot/install/autonomous_car/share/autonomous_car/config/map.rviz
[0.250s] -- Up-to-date symlink: /home/kirunish/autonomous_bot/install/autonomous_car/share/autonomous_car/config/mapper_params_online_async.yaml
[0.250s] -- Up-to-date symlink: /home/kirunish/autonomous_bot/install/autonomous_car/share/autonomous_car/config/my_controllers.yaml
[0.250s] -- Symlinking: /home/kirunish/autonomous_bot/install/autonomous_car/share/autonomous_car/config/nav2_params.yaml
[0.258s] -- Up-to-date symlink: /home/kirunish/autonomous_bot/install/autonomous_car/share/autonomous_car/config/twist_mux.yaml
[0.258s] -- Up-to-date symlink: /home/kirunish/autonomous_bot/install/autonomous_car/share/autonomous_car/config/view_bot.rviz
[0.258s] -- Up-to-date symlink: /home/kirunish/autonomous_bot/install/autonomous_car/share/autonomous_car/description/camera.xacro
[0.258s] -- Up-to-date symlink: /home/kirunish/autonomous_bot/install/autonomous_car/share/autonomous_car/description/depth_camera.xacro
[0.258s] -- Up-to-date symlink: /home/kirunish/autonomous_bot/install/autonomous_car/share/autonomous_car/description/face.xacro
[0.258s] -- Up-to-date symlink: /home/kirunish/autonomous_bot/install/autonomous_car/share/autonomous_car/description/gazebo_control.xacro
[0.258s] -- Up-to-date symlink: /home/kirunish/autonomous_bot/install/autonomous_car/share/autonomous_car/description/inertial_macros.xacro
[0.259s] -- Up-to-date symlink: /home/kirunish/autonomous_bot/install/autonomous_car/share/autonomous_car/description/lidar.xacro
[0.259s] -- Up-to-date symlink: /home/kirunish/autonomous_bot/install/autonomous_car/share/autonomous_car/description/robot.urdf.xacro
[0.259s] -- Up-to-date symlink: /home/kirunish/autonomous_bot/install/autonomous_car/share/autonomous_car/description/robot_core.xacro
[0.259s] -- Up-to-date symlink: /home/kirunish/autonomous_bot/install/autonomous_car/share/autonomous_car/description/ros2_control.xacro
[0.259s] -- Symlinking: /home/kirunish/autonomous_bot/install/autonomous_car/share/autonomous_car/launch/ball_tracker.launch.py
[0.266s] -- Up-to-date symlink: /home/kirunish/autonomous_bot/install/autonomous_car/share/autonomous_car/launch/camera.launch.py
[0.266s] -- Symlinking: /home/kirunish/autonomous_bot/install/autonomous_car/share/autonomous_car/launch/joystick.launch.py
[0.273s] -- Symlinking: /home/kirunish/autonomous_bot/install/autonomous_car/share/autonomous_car/launch/launch_robot.launch.py
[0.280s] -- Up-to-date symlink: /home/kirunish/autonomous_bot/install/autonomous_car/share/autonomous_car/launch/launch_sim.launch.py
[0.281s] -- Symlinking: /home/kirunish/autonomous_bot/install/autonomous_car/share/autonomous_car/launch/localization_launch.py
[0.288s] -- Symlinking: /home/kirunish/autonomous_bot/install/autonomous_car/share/autonomous_car/launch/navigation_launch.py
[0.295s] -- Symlinking: /home/kirunish/autonomous_bot/install/autonomous_car/share/autonomous_car/launch/online_async_launch.py
[0.301s] -- Symlinking: /home/kirunish/autonomous_bot/install/autonomous_car/share/autonomous_car/launch/rplidar.launch.py
[0.308s] -- Up-to-date symlink: /home/kirunish/autonomous_bot/install/autonomous_car/share/autonomous_car/launch/rsp.launch.py
[0.308s] -- Up-to-date symlink: /home/kirunish/autonomous_bot/install/autonomous_car/share/autonomous_car/launch/test_gazebo.launch.py
[0.308s] -- Up-to-date symlink: /home/kirunish/autonomous_bot/install/autonomous_car/share/autonomous_car/worlds/empty.world
[0.308s] -- Up-to-date symlink: /home/kirunish/autonomous_bot/install/autonomous_car/share/autonomous_car/worlds/obstacles.world
[0.309s] -- Up-to-date symlink: /home/kirunish/autonomous_bot/install/autonomous_car/share/ament_index/resource_index/package_run_dependencies/autonomous_car
[0.309s] -- Up-to-date symlink: /home/kirunish/autonomous_bot/install/autonomous_car/share/ament_index/resource_index/parent_prefix_path/autonomous_car
[0.309s] -- Up-to-date symlink: /home/kirunish/autonomous_bot/install/autonomous_car/share/autonomous_car/environment/ament_prefix_path.sh
[0.309s] -- Up-to-date symlink: /home/kirunish/autonomous_bot/install/autonomous_car/share/autonomous_car/environment/ament_prefix_path.dsv
[0.309s] -- Up-to-date symlink: /home/kirunish/autonomous_bot/install/autonomous_car/share/autonomous_car/environment/path.sh
[0.309s] -- Up-to-date symlink: /home/kirunish/autonomous_bot/install/autonomous_car/share/autonomous_car/environment/path.dsv
[0.309s] -- Up-to-date symlink: /home/kirunish/autonomous_bot/install/autonomous_car/share/autonomous_car/local_setup.bash
[0.309s] -- Up-to-date symlink: /home/kirunish/autonomous_bot/install/autonomous_car/share/autonomous_car/local_setup.sh
[0.309s] -- Up-to-date symlink: /home/kirunish/autonomous_bot/install/autonomous_car/share/autonomous_car/local_setup.zsh
[0.310s] -- Up-to-date symlink: /home/kirunish/autonomous_bot/install/autonomous_car/share/autonomous_car/local_setup.dsv
[0.310s] -- Symlinking: /home/kirunish/autonomous_bot/install/autonomous_car/share/autonomous_car/package.dsv
[0.317s] -- Up-to-date symlink: /home/kirunish/autonomous_bot/install/autonomous_car/share/ament_index/resource_index/packages/autonomous_car
[0.317s] -- Up-to-date symlink: /home/kirunish/autonomous_bot/install/autonomous_car/share/autonomous_car/cmake/autonomous_carConfig.cmake
[0.317s] -- Up-to-date symlink: /home/kirunish/autonomous_bot/install/autonomous_car/share/autonomous_car/cmake/autonomous_carConfig-version.cmake
[0.317s] -- Up-to-date symlink: /home/kirunish/autonomous_bot/install/autonomous_car/share/autonomous_car/package.xml
[0.319s] Invoked command in '/home/kirunish/autonomous_bot/build/autonomous_car' returned '0': CMAKE_PREFIX_PATH=${CMAKE_PREFIX_PATH}:/home/kirunish/ros2_ws/install/turtlesim_catch_them_all:/home/kirunish/ros2_ws/install/my_py_pkg:/home/kirunish/ros2_ws/install/actions_py:/opt/ros/humble /usr/bin/cmake --install /home/kirunish/autonomous_bot/build/autonomous_car
