-- Found ament_cmake: 1.3.12 (/opt/ros/humble/share/ament_cmake/cmake)
-- Override CMake install command with custom implementation using symlinks instead of copying resources
-- Found ament_lint_auto: 0.12.14 (/opt/ros/humble/share/ament_lint_auto/cmake)
-- Added test 'copyright' to check source files copyright and LICENSE
-- Added test 'flake8' to check Python code syntax and style conventions
-- Added test 'lint_cmake' to check CMake code style
-- Added test 'pep257' to check Python code against some of the docstring style conventions in PEP 257
-- Added test 'xmllint' to check XML markup files
-- Configuring done
-- Generating done
-- Build files have been written to: /home/kirunish/autonomous_bot/build/autonomous_car
-- Install configuration: ""
-- Execute custom install script
-- Symlinking: /home/kirunish/autonomous_bot/install/autonomous_car/share/autonomous_car/config/empty.yaml
-- Symlinking: /home/kirunish/autonomous_bot/install/autonomous_car/share/autonomous_car/description/robot.urdf.xacro
-- Symlinking: /home/kirunish/autonomous_bot/install/autonomous_car/share/autonomous_car/description/robot_core.xacro
-- Symlinking: /home/kirunish/autonomous_bot/install/autonomous_car/share/autonomous_car/launch/rsp.launch.py
-- Symlinking: /home/kirunish/autonomous_bot/install/autonomous_car/share/autonomous_car/worlds/empty.world
-- Symlinking: /home/kirunish/autonomous_bot/install/autonomous_car/share/ament_index/resource_index/package_run_dependencies/autonomous_car
-- Symlinking: /home/kirunish/autonomous_bot/install/autonomous_car/share/ament_index/resource_index/parent_prefix_path/autonomous_car
-- Symlinking: /home/kirunish/autonomous_bot/install/autonomous_car/share/autonomous_car/environment/ament_prefix_path.sh
-- Symlinking: /home/kirunish/autonomous_bot/install/autonomous_car/share/autonomous_car/environment/ament_prefix_path.dsv
-- Symlinking: /home/kirunish/autonomous_bot/install/autonomous_car/share/autonomous_car/environment/path.sh
-- Symlinking: /home/kirunish/autonomous_bot/install/autonomous_car/share/autonomous_car/environment/path.dsv
-- Symlinking: /home/kirunish/autonomous_bot/install/autonomous_car/share/autonomous_car/local_setup.bash
-- Symlinking: /home/kirunish/autonomous_bot/install/autonomous_car/share/autonomous_car/local_setup.sh
-- Symlinking: /home/kirunish/autonomous_bot/install/autonomous_car/share/autonomous_car/local_setup.zsh
-- Symlinking: /home/kirunish/autonomous_bot/install/autonomous_car/share/autonomous_car/local_setup.dsv
-- Symlinking: /home/kirunish/autonomous_bot/install/autonomous_car/share/autonomous_car/package.dsv
-- Symlinking: /home/kirunish/autonomous_bot/install/autonomous_car/share/ament_index/resource_index/packages/autonomous_car
-- Symlinking: /home/kirunish/autonomous_bot/install/autonomous_car/share/autonomous_car/cmake/autonomous_carConfig.cmake
-- Symlinking: /home/kirunish/autonomous_bot/install/autonomous_car/share/autonomous_car/cmake/autonomous_carConfig-version.cmake
-- Symlinking: /home/kirunish/autonomous_bot/install/autonomous_car/share/autonomous_car/package.xml
