[0.009s] Invoking command in '/home/kirunish/autonomous_bot/build/autonomous_car': CMAKE_PREFIX_PATH=${CMAKE_PREFIX_PATH}:/home/kirunish/ros2_ws/install/turtlesim_catch_them_all:/home/kirunish/ros2_ws/install/my_py_pkg:/home/kirunish/ros2_ws/install/actions_py:/opt/ros/humble /usr/bin/cmake /home/kirunish/autonomous_bot/src/autonomous_car -DCMAKE_INSTALL_PREFIX=/home/kirunish/autonomous_bot/install/autonomous_car
[0.020s] -- Found ament_cmake: 1.3.12 (/opt/ros/humble/share/ament_cmake/cmake)
[0.109s] -- Override CMake install command with custom implementation using symlinks instead of copying resources
[0.115s] -- Found ament_lint_auto: 0.12.14 (/opt/ros/humble/share/ament_lint_auto/cmake)
[0.166s] -- Added test 'copyright' to check source files copyright and LICENSE
[0.173s] -- Added test 'flake8' to check Python code syntax and style conventions
[0.174s] -- Added test 'lint_cmake' to check CMake code style
[0.175s] -- Added test 'pep257' to check Python code against some of the docstring style conventions in PEP 257
[0.179s] -- Added test 'xmllint' to check XML markup files
[0.180s] -- Configuring done
[0.183s] -- Generating done
[0.185s] -- Build files have been written to: /home/kirunish/autonomous_bot/build/autonomous_car
[0.187s] Invoked command in '/home/kirunish/autonomous_bot/build/autonomous_car' returned '0': CMAKE_PREFIX_PATH=${CMAKE_PREFIX_PATH}:/home/kirunish/ros2_ws/install/turtlesim_catch_them_all:/home/kirunish/ros2_ws/install/my_py_pkg:/home/kirunish/ros2_ws/install/actions_py:/opt/ros/humble /usr/bin/cmake /home/kirunish/autonomous_bot/src/autonomous_car -DCMAKE_INSTALL_PREFIX=/home/kirunish/autonomous_bot/install/autonomous_car
[0.188s] Invoking command in '/home/kirunish/autonomous_bot/build/autonomous_car': CMAKE_PREFIX_PATH=${CMAKE_PREFIX_PATH}:/home/kirunish/ros2_ws/install/turtlesim_catch_them_all:/home/kirunish/ros2_ws/install/my_py_pkg:/home/kirunish/ros2_ws/install/actions_py:/opt/ros/humble /usr/bin/cmake --build /home/kirunish/autonomous_bot/build/autonomous_car -- -j16 -l16
[0.220s] Invoked command in '/home/kirunish/autonomous_bot/build/autonomous_car' returned '0': CMAKE_PREFIX_PATH=${CMAKE_PREFIX_PATH}:/home/kirunish/ros2_ws/install/turtlesim_catch_them_all:/home/kirunish/ros2_ws/install/my_py_pkg:/home/kirunish/ros2_ws/install/actions_py:/opt/ros/humble /usr/bin/cmake --build /home/kirunish/autonomous_bot/build/autonomous_car -- -j16 -l16
[0.229s] Invoking command in '/home/kirunish/autonomous_bot/build/autonomous_car': CMAKE_PREFIX_PATH=${CMAKE_PREFIX_PATH}:/home/kirunish/ros2_ws/install/turtlesim_catch_them_all:/home/kirunish/ros2_ws/install/my_py_pkg:/home/kirunish/ros2_ws/install/actions_py:/opt/ros/humble /usr/bin/cmake --install /home/kirunish/autonomous_bot/build/autonomous_car
[0.234s] -- Install configuration: ""
[0.235s] -- Execute custom install script
[0.235s] -- Symlinking: /home/kirunish/autonomous_bot/install/autonomous_car/share/autonomous_car/config/drive_bot.rviz
[0.242s] -- Up-to-date symlink: /home/kirunish/autonomous_bot/install/autonomous_car/share/autonomous_car/config/empty.yaml
[0.242s] -- Symlinking: /home/kirunish/autonomous_bot/install/autonomous_car/share/autonomous_car/config/my_controllers.yaml
[0.250s] -- Symlinking: /home/kirunish/autonomous_bot/install/autonomous_car/share/autonomous_car/description/camera.xacro
[0.257s] -- Symlinking: /home/kirunish/autonomous_bot/install/autonomous_car/share/autonomous_car/description/depth_camera.xacro
[0.264s] -- Symlinking: /home/kirunish/autonomous_bot/install/autonomous_car/share/autonomous_car/description/gazebo_control.xacro
[0.271s] -- Up-to-date symlink: /home/kirunish/autonomous_bot/install/autonomous_car/share/autonomous_car/description/inertial_macros.xacro
[0.271s] -- Symlinking: /home/kirunish/autonomous_bot/install/autonomous_car/share/autonomous_car/description/lidar.xacro
[0.279s] -- Up-to-date symlink: /home/kirunish/autonomous_bot/install/autonomous_car/share/autonomous_car/description/robot.urdf.xacro
[0.279s] -- Up-to-date symlink: /home/kirunish/autonomous_bot/install/autonomous_car/share/autonomous_car/description/robot_core.xacro
[0.279s] -- Symlinking: /home/kirunish/autonomous_bot/install/autonomous_car/share/autonomous_car/description/ros2_control.xacro
[0.286s] -- Up-to-date symlink: /home/kirunish/autonomous_bot/install/autonomous_car/share/autonomous_car/launch/launch_sim.launch.py
[0.286s] -- Up-to-date symlink: /home/kirunish/autonomous_bot/install/autonomous_car/share/autonomous_car/launch/rsp.launch.py
[0.286s] -- Symlinking: /home/kirunish/autonomous_bot/install/autonomous_car/share/autonomous_car/launch/test_gazebo.launch.py
[0.293s] -- Up-to-date symlink: /home/kirunish/autonomous_bot/install/autonomous_car/share/autonomous_car/worlds/empty.world
[0.293s] -- Symlinking: /home/kirunish/autonomous_bot/install/autonomous_car/share/autonomous_car/worlds/obstacles.world
[0.300s] -- Up-to-date symlink: /home/kirunish/autonomous_bot/install/autonomous_car/share/ament_index/resource_index/package_run_dependencies/autonomous_car
[0.301s] -- Up-to-date symlink: /home/kirunish/autonomous_bot/install/autonomous_car/share/ament_index/resource_index/parent_prefix_path/autonomous_car
[0.301s] -- Up-to-date symlink: /home/kirunish/autonomous_bot/install/autonomous_car/share/autonomous_car/environment/ament_prefix_path.sh
[0.301s] -- Up-to-date symlink: /home/kirunish/autonomous_bot/install/autonomous_car/share/autonomous_car/environment/ament_prefix_path.dsv
[0.301s] -- Up-to-date symlink: /home/kirunish/autonomous_bot/install/autonomous_car/share/autonomous_car/environment/path.sh
[0.301s] -- Up-to-date symlink: /home/kirunish/autonomous_bot/install/autonomous_car/share/autonomous_car/environment/path.dsv
[0.301s] -- Up-to-date symlink: /home/kirunish/autonomous_bot/install/autonomous_car/share/autonomous_car/local_setup.bash
[0.301s] -- Up-to-date symlink: /home/kirunish/autonomous_bot/install/autonomous_car/share/autonomous_car/local_setup.sh
[0.301s] -- Up-to-date symlink: /home/kirunish/autonomous_bot/install/autonomous_car/share/autonomous_car/local_setup.zsh
[0.301s] -- Up-to-date symlink: /home/kirunish/autonomous_bot/install/autonomous_car/share/autonomous_car/local_setup.dsv
[0.301s] -- Symlinking: /home/kirunish/autonomous_bot/install/autonomous_car/share/autonomous_car/package.dsv
[0.309s] -- Up-to-date symlink: /home/kirunish/autonomous_bot/install/autonomous_car/share/ament_index/resource_index/packages/autonomous_car
[0.309s] -- Up-to-date symlink: /home/kirunish/autonomous_bot/install/autonomous_car/share/autonomous_car/cmake/autonomous_carConfig.cmake
[0.309s] -- Up-to-date symlink: /home/kirunish/autonomous_bot/install/autonomous_car/share/autonomous_car/cmake/autonomous_carConfig-version.cmake
[0.309s] -- Up-to-date symlink: /home/kirunish/autonomous_bot/install/autonomous_car/share/autonomous_car/package.xml
[0.311s] Invoked command in '/home/kirunish/autonomous_bot/build/autonomous_car' returned '0': CMAKE_PREFIX_PATH=${CMAKE_PREFIX_PATH}:/home/kirunish/ros2_ws/install/turtlesim_catch_them_all:/home/kirunish/ros2_ws/install/my_py_pkg:/home/kirunish/ros2_ws/install/actions_py:/opt/ros/humble /usr/bin/cmake --install /home/kirunish/autonomous_bot/build/autonomous_car
